<?xml version="1.0" encoding="UTF-8"?>
<!-- Generated by org.testng.reporters.JUnitXMLReporter -->
<testsuite hostname="ATMECSINLT-033" ignored="0" name="Test" tests="5" failures="1" timestamp="12 Nov 2019 09:46:12 GMT" time="19.091" errors="0">
  <testcase name="homePageLandingValidation" time="0.016" classname="com.atmecs.scripts.TutorialsNinjaScript"/>
  <testcase name="pageflowValidations" time="3.824" classname="com.atmecs.scripts.TutorialsNinjaScript"/>
  <testcase name="pageflowValidations" time="3.103" classname="com.atmecs.scripts.TutorialsNinjaScript"/>
  <testcase name="cartflowValidations" time="1.144" classname="com.atmecs.scripts.TutorialsNinjaScript">
    <failure type="java.lang.AssertionError" message="Assertion failed for totalamount added in cart expected [$3,852.40] but found [$3,606.00]">
      <![CDATA[java.lang.AssertionError: Assertion failed for totalamount added in cart expected [$3,852.40] but found [$3,606.00]
at com.atmecs.pages.TutorialsNinja.cartValidation(TutorialsNinja.java:129)
at com.atmecs.scripts.TutorialsNinjaScript.cartflowValidations(TutorialsNinjaScript.java:51)
... Removed 31 stack frames]]>
    </failure>
  </testcase> <!-- cartflowValidations -->
  <testcase name="negativeDataValidation" time="1.001" classname="com.atmecs.scripts.TutorialsNinjaScript"/>
</testsuite> <!-- Test -->
