<?xml version="1.0" encoding="UTF-8"?>
<!-- Generated by org.testng.reporters.JUnitXMLReporter -->
<testsuite hostname="ATMECSINLT-033" ignored="0" name="Test" tests="6" failures="1" timestamp="12 Nov 2019 09:47:33 GMT" time="45.735" errors="0">
  <testcase name="menuClick" time="4.043" classname="com.atmecs.scripts.HeatClinic"/>
  <testcase name="menuClick" time="3.757" classname="com.atmecs.scripts.HeatClinic"/>
  <testcase name="menuClick" time="3.507" classname="com.atmecs.scripts.HeatClinic"/>
  <testcase name="menuClick" time="3.471" classname="com.atmecs.scripts.HeatClinic"/>
  <testcase name="menuClick" time="3.494" classname="com.atmecs.scripts.HeatClinic"/>
  <testcase name="menuTravelTest" time="11.581" classname="com.atmecs.scripts.HeatClinic">
    <failure type="java.lang.AssertionError" message="Assertion is failed for totalupdatedprice expected [$29.98] but found [$329.78]">
      <![CDATA[java.lang.AssertionError: Assertion is failed for totalupdatedprice expected [$29.98] but found [$329.78]
at com.atmecs.pages.HeatClinicPages.increaseQuantity(HeatClinicPages.java:123)
at com.atmecs.scripts.HeatClinic.menuTravelTest(HeatClinic.java:49)
... Removed 30 stack frames]]>
    </failure>
  </testcase> <!-- menuTravelTest -->
</testsuite> <!-- Test -->
